[2023-01-10T17:37:16,039 ERROR] org.springframework.boot.diagnostics.LoggingFailureAnalysisReporter - 

***************************
APPLICATION FAILED TO START
***************************

Description:

An attempt was made to call a method that does not exist. The attempt was made from the following location:

    org.springframework.boot.logging.log4j2.Log4J2LoggingSystem.initialize(Log4J2LoggingSystem.java:242)

The following method did not exist:

    'void org.apache.logging.log4j.util.PropertiesUtil.addPropertySource(org.apache.logging.log4j.util.PropertySource)'

The calling method's class, org.springframework.boot.logging.log4j2.Log4J2LoggingSystem, was loaded from the following location:

    jar:file:/C:/Users/ssingh/.m2/repository/org/springframework/boot/spring-boot/3.0.1/spring-boot-3.0.1.jar!/org/springframework/boot/logging/log4j2/Log4J2LoggingSystem.class

The called method's class, org.apache.logging.log4j.util.PropertiesUtil, is available from the following locations:

    jar:file:/C:/Users/ssingh/.m2/repository/org/apache/logging/log4j/log4j-api/2.16.0/log4j-api-2.16.0.jar!/org/apache/logging/log4j/util/PropertiesUtil.class

The called method's class hierarchy was loaded from the following locations:

    org.apache.logging.log4j.util.PropertiesUtil: file:/C:/Users/ssingh/.m2/repository/org/apache/logging/log4j/log4j-api/2.16.0/log4j-api-2.16.0.jar


Action:

Correct the classpath of your application so that it contains compatible versions of the classes org.springframework.boot.logging.log4j2.Log4J2LoggingSystem and org.apache.logging.log4j.util.PropertiesUtil
 
[2023-01-10T17:38:11,523 ERROR] org.springframework.boot.diagnostics.LoggingFailureAnalysisReporter - 

***************************
APPLICATION FAILED TO START
***************************

Description:

An attempt was made to call a method that does not exist. The attempt was made from the following location:

    org.springframework.boot.logging.log4j2.Log4J2LoggingSystem.initialize(Log4J2LoggingSystem.java:242)

The following method did not exist:

    'void org.apache.logging.log4j.util.PropertiesUtil.addPropertySource(org.apache.logging.log4j.util.PropertySource)'

The calling method's class, org.springframework.boot.logging.log4j2.Log4J2LoggingSystem, was loaded from the following location:

    jar:file:/C:/Users/ssingh/.m2/repository/org/springframework/boot/spring-boot/3.0.1/spring-boot-3.0.1.jar!/org/springframework/boot/logging/log4j2/Log4J2LoggingSystem.class

The called method's class, org.apache.logging.log4j.util.PropertiesUtil, is available from the following locations:

    jar:file:/C:/Users/ssingh/.m2/repository/org/apache/logging/log4j/log4j-api/2.16.0/log4j-api-2.16.0.jar!/org/apache/logging/log4j/util/PropertiesUtil.class

The called method's class hierarchy was loaded from the following locations:

    org.apache.logging.log4j.util.PropertiesUtil: file:/C:/Users/ssingh/.m2/repository/org/apache/logging/log4j/log4j-api/2.16.0/log4j-api-2.16.0.jar


Action:

Correct the classpath of your application so that it contains compatible versions of the classes org.springframework.boot.logging.log4j2.Log4J2LoggingSystem and org.apache.logging.log4j.util.PropertiesUtil
 
[2023-01-10T17:41:45,262 ERROR] org.springframework.boot.diagnostics.LoggingFailureAnalysisReporter - 

***************************
APPLICATION FAILED TO START
***************************

Description:

An attempt was made to call a method that does not exist. The attempt was made from the following location:

    org.springframework.boot.logging.log4j2.Log4J2LoggingSystem.initialize(Log4J2LoggingSystem.java:242)

The following method did not exist:

    'void org.apache.logging.log4j.util.PropertiesUtil.addPropertySource(org.apache.logging.log4j.util.PropertySource)'

The calling method's class, org.springframework.boot.logging.log4j2.Log4J2LoggingSystem, was loaded from the following location:

    jar:file:/C:/Users/ssingh/.m2/repository/org/springframework/boot/spring-boot/3.0.1/spring-boot-3.0.1.jar!/org/springframework/boot/logging/log4j2/Log4J2LoggingSystem.class

The called method's class, org.apache.logging.log4j.util.PropertiesUtil, is available from the following locations:

    jar:file:/C:/Users/ssingh/.m2/repository/org/apache/logging/log4j/log4j-api/2.16.0/log4j-api-2.16.0.jar!/org/apache/logging/log4j/util/PropertiesUtil.class

The called method's class hierarchy was loaded from the following locations:

    org.apache.logging.log4j.util.PropertiesUtil: file:/C:/Users/ssingh/.m2/repository/org/apache/logging/log4j/log4j-api/2.16.0/log4j-api-2.16.0.jar


Action:

Correct the classpath of your application so that it contains compatible versions of the classes org.springframework.boot.logging.log4j2.Log4J2LoggingSystem and org.apache.logging.log4j.util.PropertiesUtil
 
[2023-01-10T17:45:05,696 ERROR] org.springframework.boot.diagnostics.LoggingFailureAnalysisReporter - 

***************************
APPLICATION FAILED TO START
***************************

Description:

An attempt was made to call a method that does not exist. The attempt was made from the following location:

    org.springframework.boot.logging.log4j2.Log4J2LoggingSystem.initialize(Log4J2LoggingSystem.java:242)

The following method did not exist:

    'void org.apache.logging.log4j.util.PropertiesUtil.addPropertySource(org.apache.logging.log4j.util.PropertySource)'

The calling method's class, org.springframework.boot.logging.log4j2.Log4J2LoggingSystem, was loaded from the following location:

    jar:file:/C:/Users/ssingh/.m2/repository/org/springframework/boot/spring-boot/3.0.1/spring-boot-3.0.1.jar!/org/springframework/boot/logging/log4j2/Log4J2LoggingSystem.class

The called method's class, org.apache.logging.log4j.util.PropertiesUtil, is available from the following locations:

    jar:file:/C:/Users/ssingh/.m2/repository/org/apache/logging/log4j/log4j-api/2.16.0/log4j-api-2.16.0.jar!/org/apache/logging/log4j/util/PropertiesUtil.class

The called method's class hierarchy was loaded from the following locations:

    org.apache.logging.log4j.util.PropertiesUtil: file:/C:/Users/ssingh/.m2/repository/org/apache/logging/log4j/log4j-api/2.16.0/log4j-api-2.16.0.jar


Action:

Correct the classpath of your application so that it contains compatible versions of the classes org.springframework.boot.logging.log4j2.Log4J2LoggingSystem and org.apache.logging.log4j.util.PropertiesUtil
 
[2023-01-10T17:48:01,720 ERROR] org.springframework.boot.diagnostics.LoggingFailureAnalysisReporter - 

***************************
APPLICATION FAILED TO START
***************************

Description:

An attempt was made to call a method that does not exist. The attempt was made from the following location:

    org.springframework.boot.logging.log4j2.Log4J2LoggingSystem.initialize(Log4J2LoggingSystem.java:242)

The following method did not exist:

    'void org.apache.logging.log4j.util.PropertiesUtil.addPropertySource(org.apache.logging.log4j.util.PropertySource)'

The calling method's class, org.springframework.boot.logging.log4j2.Log4J2LoggingSystem, was loaded from the following location:

    jar:file:/C:/Users/ssingh/.m2/repository/org/springframework/boot/spring-boot/3.0.1/spring-boot-3.0.1.jar!/org/springframework/boot/logging/log4j2/Log4J2LoggingSystem.class

The called method's class, org.apache.logging.log4j.util.PropertiesUtil, is available from the following locations:

    jar:file:/C:/Users/ssingh/.m2/repository/org/apache/logging/log4j/log4j-api/2.16.0/log4j-api-2.16.0.jar!/org/apache/logging/log4j/util/PropertiesUtil.class

The called method's class hierarchy was loaded from the following locations:

    org.apache.logging.log4j.util.PropertiesUtil: file:/C:/Users/ssingh/.m2/repository/org/apache/logging/log4j/log4j-api/2.16.0/log4j-api-2.16.0.jar


Action:

Correct the classpath of your application so that it contains compatible versions of the classes org.springframework.boot.logging.log4j2.Log4J2LoggingSystem and org.apache.logging.log4j.util.PropertiesUtil
 
[2023-01-23T13:05:04,057 ERROR] org.springframework.boot.diagnostics.LoggingFailureAnalysisReporter - 

***************************
APPLICATION FAILED TO START
***************************

Description:

An attempt was made to call a method that does not exist. The attempt was made from the following location:

    org.springframework.boot.logging.log4j2.Log4J2LoggingSystem.initialize(Log4J2LoggingSystem.java:242)

The following method did not exist:

    'void org.apache.logging.log4j.util.PropertiesUtil.addPropertySource(org.apache.logging.log4j.util.PropertySource)'

The calling method's class, org.springframework.boot.logging.log4j2.Log4J2LoggingSystem, was loaded from the following location:

    jar:file:/C:/Users/ssingh/.m2/repository/org/springframework/boot/spring-boot/3.0.1/spring-boot-3.0.1.jar!/org/springframework/boot/logging/log4j2/Log4J2LoggingSystem.class

The called method's class, org.apache.logging.log4j.util.PropertiesUtil, is available from the following locations:

    jar:file:/C:/Users/ssingh/.m2/repository/org/apache/logging/log4j/log4j-api/2.16.0/log4j-api-2.16.0.jar!/org/apache/logging/log4j/util/PropertiesUtil.class

The called method's class hierarchy was loaded from the following locations:

    org.apache.logging.log4j.util.PropertiesUtil: file:/C:/Users/ssingh/.m2/repository/org/apache/logging/log4j/log4j-api/2.16.0/log4j-api-2.16.0.jar


Action:

Correct the classpath of your application so that it contains compatible versions of the classes org.springframework.boot.logging.log4j2.Log4J2LoggingSystem and org.apache.logging.log4j.util.PropertiesUtil
 
[2023-01-23T13:08:32,941 ERROR] org.springframework.boot.diagnostics.LoggingFailureAnalysisReporter - 

***************************
APPLICATION FAILED TO START
***************************

Description:

An attempt was made to call a method that does not exist. The attempt was made from the following location:

    org.springframework.boot.logging.log4j2.Log4J2LoggingSystem.initialize(Log4J2LoggingSystem.java:242)

The following method did not exist:

    'void org.apache.logging.log4j.util.PropertiesUtil.addPropertySource(org.apache.logging.log4j.util.PropertySource)'

The calling method's class, org.springframework.boot.logging.log4j2.Log4J2LoggingSystem, was loaded from the following location:

    jar:file:/C:/Users/ssingh/.m2/repository/org/springframework/boot/spring-boot/3.0.1/spring-boot-3.0.1.jar!/org/springframework/boot/logging/log4j2/Log4J2LoggingSystem.class

The called method's class, org.apache.logging.log4j.util.PropertiesUtil, is available from the following locations:

    jar:file:/C:/Users/ssingh/.m2/repository/org/apache/logging/log4j/log4j-api/2.16.0/log4j-api-2.16.0.jar!/org/apache/logging/log4j/util/PropertiesUtil.class

The called method's class hierarchy was loaded from the following locations:

    org.apache.logging.log4j.util.PropertiesUtil: file:/C:/Users/ssingh/.m2/repository/org/apache/logging/log4j/log4j-api/2.16.0/log4j-api-2.16.0.jar


Action:

Correct the classpath of your application so that it contains compatible versions of the classes org.springframework.boot.logging.log4j2.Log4J2LoggingSystem and org.apache.logging.log4j.util.PropertiesUtil
 
[2023-01-23T13:14:29,673 ERROR] org.springframework.boot.diagnostics.LoggingFailureAnalysisReporter - 

***************************
APPLICATION FAILED TO START
***************************

Description:

An attempt was made to call a method that does not exist. The attempt was made from the following location:

    org.springframework.boot.logging.log4j2.Log4J2LoggingSystem.initialize(Log4J2LoggingSystem.java:242)

The following method did not exist:

    'void org.apache.logging.log4j.util.PropertiesUtil.addPropertySource(org.apache.logging.log4j.util.PropertySource)'

The calling method's class, org.springframework.boot.logging.log4j2.Log4J2LoggingSystem, was loaded from the following location:

    jar:file:/C:/Users/ssingh/.m2/repository/org/springframework/boot/spring-boot/3.0.1/spring-boot-3.0.1.jar!/org/springframework/boot/logging/log4j2/Log4J2LoggingSystem.class

The called method's class, org.apache.logging.log4j.util.PropertiesUtil, is available from the following locations:

    jar:file:/C:/Users/ssingh/.m2/repository/org/apache/logging/log4j/log4j-api/2.16.0/log4j-api-2.16.0.jar!/org/apache/logging/log4j/util/PropertiesUtil.class

The called method's class hierarchy was loaded from the following locations:

    org.apache.logging.log4j.util.PropertiesUtil: file:/C:/Users/ssingh/.m2/repository/org/apache/logging/log4j/log4j-api/2.16.0/log4j-api-2.16.0.jar


Action:

Correct the classpath of your application so that it contains compatible versions of the classes org.springframework.boot.logging.log4j2.Log4J2LoggingSystem and org.apache.logging.log4j.util.PropertiesUtil
 
[2023-01-23T13:18:48,200 ERROR] org.springframework.boot.diagnostics.LoggingFailureAnalysisReporter - 

***************************
APPLICATION FAILED TO START
***************************

Description:

An attempt was made to call a method that does not exist. The attempt was made from the following location:

    org.springframework.boot.logging.log4j2.Log4J2LoggingSystem.initialize(Log4J2LoggingSystem.java:242)

The following method did not exist:

    'void org.apache.logging.log4j.util.PropertiesUtil.addPropertySource(org.apache.logging.log4j.util.PropertySource)'

The calling method's class, org.springframework.boot.logging.log4j2.Log4J2LoggingSystem, was loaded from the following location:

    jar:file:/C:/Users/ssingh/.m2/repository/org/springframework/boot/spring-boot/3.0.1/spring-boot-3.0.1.jar!/org/springframework/boot/logging/log4j2/Log4J2LoggingSystem.class

The called method's class, org.apache.logging.log4j.util.PropertiesUtil, is available from the following locations:

    jar:file:/C:/Users/ssingh/.m2/repository/org/apache/logging/log4j/log4j-api/2.16.0/log4j-api-2.16.0.jar!/org/apache/logging/log4j/util/PropertiesUtil.class

The called method's class hierarchy was loaded from the following locations:

    org.apache.logging.log4j.util.PropertiesUtil: file:/C:/Users/ssingh/.m2/repository/org/apache/logging/log4j/log4j-api/2.16.0/log4j-api-2.16.0.jar


Action:

Correct the classpath of your application so that it contains compatible versions of the classes org.springframework.boot.logging.log4j2.Log4J2LoggingSystem and org.apache.logging.log4j.util.PropertiesUtil
 
